INFO:scholarly:Getting https://scholar.google.com/scholar?hl=en&q=testing&as_vis=0&as_sdt=0,33
INFO:scholarly:Session proxy config is {}
INFO:scholarly:Getting https://scholar.google.com/scholar?hl=en&q=testing&as_vis=0&as_sdt=0,33
INFO:scholarly:Session proxy config is {}
INFO:scholarly:Getting https://scholar.google.com/scholar?hl=en&q=testing&as_vis=0&as_sdt=0,33
INFO:scholarly:Session proxy config is {}
INFO:scholarly:Getting https://scholar.google.com/scholar?start=10&q=testing&hl=en&as_sdt=0,33
INFO:scholarly:Session proxy config is {}
INFO:scholarly:Getting https://scholar.google.com/scholar?start=20&q=testing&hl=en&as_sdt=0,33
INFO:scholarly:Session proxy config is {}
INFO:scholarly:Getting https://scholar.google.com/scholar?start=30&q=testing&hl=en&as_sdt=0,33
INFO:scholarly:Session proxy config is {}
INFO:scholarly:Getting https://scholar.google.com/scholar?start=40&q=testing&hl=en&as_sdt=0,33
INFO:scholarly:Session proxy config is {}
INFO:scholarly:Getting https://scholar.google.com/scholar?start=50&q=testing&hl=en&as_sdt=0,33
INFO:scholarly:Getting https://scholar.google.com/scholar?hl=en&q=testing&as_vis=0&as_sdt=0,33
INFO:scholarly:Session proxy config is {}
INFO:scholarly:Getting https://scholar.google.com/scholar?hl=en&q=testing&as_vis=0&as_sdt=0,33
INFO:scholarly:Session proxy config is {}
INFO:scholarly:Getting https://scholar.google.com/scholar?hl=en&q=testing&as_vis=0&as_sdt=0,33
INFO:scholarly:Session proxy config is {}
INFO:scholarly:Getting https://scholar.google.com/scholar?hl=en&q=testing&as_vis=0&as_sdt=0,33
INFO:scholarly:Session proxy config is {}
INFO:scholarly:Getting https://scholar.google.com/scholar?hl=en&q=testing&as_vis=0&as_sdt=0,33
INFO:scholarly:Session proxy config is {}
INFO:scholarly:Getting https://scholar.google.com/scholar?hl=en&q=testing&as_vis=0&as_sdt=0,33
INFO:scholarly:Session proxy config is {}
INFO:scholarly:Getting https://scholar.google.comtesting
INFO:scholarly:Exception ConnectionError while fetching page: (MaxRetryError("HTTPSConnectionPool(host='scholar.google.comtesting', port=443): Max retries exceeded with url: / (Caused by NewConnectionError('<urllib3.connection.HTTPSConnection object at 0x0000025728E01550>: Failed to establish a new connection: [Errno 11001] getaddrinfo failed',))",),)
INFO:scholarly:Retrying with a new session.
INFO:scholarly:Exception ConnectionError while fetching page: (MaxRetryError("HTTPSConnectionPool(host='scholar.google.comtesting', port=443): Max retries exceeded with url: / (Caused by NewConnectionError('<urllib3.connection.HTTPSConnection object at 0x0000025728E01588>: Failed to establish a new connection: [Errno 11001] getaddrinfo failed',))",),)
INFO:scholarly:Retrying with a new session.
INFO:scholarly:Exception ConnectionError while fetching page: (MaxRetryError("HTTPSConnectionPool(host='scholar.google.comtesting', port=443): Max retries exceeded with url: / (Caused by NewConnectionError('<urllib3.connection.HTTPSConnection object at 0x0000025728E01550>: Failed to establish a new connection: [Errno 11001] getaddrinfo failed',))",),)
INFO:scholarly:Retrying with a new session.
INFO:scholarly:Exception ConnectionError while fetching page: (MaxRetryError("HTTPSConnectionPool(host='scholar.google.comtesting', port=443): Max retries exceeded with url: / (Caused by NewConnectionError('<urllib3.connection.HTTPSConnection object at 0x0000025728E01588>: Failed to establish a new connection: [Errno 11001] getaddrinfo failed',))",),)
INFO:scholarly:Retrying with a new session.
INFO:scholarly:Exception ConnectionError while fetching page: (MaxRetryError("HTTPSConnectionPool(host='scholar.google.comtesting', port=443): Max retries exceeded with url: / (Caused by NewConnectionError('<urllib3.connection.HTTPSConnection object at 0x0000025728E01550>: Failed to establish a new connection: [Errno 11001] getaddrinfo failed',))",),)
INFO:scholarly:Retrying with a new session.
INFO:scholarly:Getting https://scholar.google.com/scholar?hl=en&q=testing&as_vis=0&as_sdt=0,33
INFO:scholarly:Session proxy config is {}
INFO:scholarly:Getting https://scholar.google.com/scholar?cites=9689758629266376746&as_sdt=5,33&sciodt=0,33&hl=en
INFO:scholarly:Session proxy config is {}
INFO:scholarly:Getting https://scholar.google.com/scholar?hl=en&q=testing&as_vis=0&as_sdt=0,33
INFO:scholarly:Getting https://scholar.google.com/scholar?hl=en&q=testing&as_vis=0&as_sdt=0,33
INFO:scholarly:Session proxy config is {}
INFO:scholarly:Getting https://scholar.google.com/scholar?start=10&q=testing&hl=en&as_sdt=0,33
INFO:scholarly:Session proxy config is {}
INFO:scholarly:Getting https://scholar.google.com/scholar?start=20&q=testing&hl=en&as_sdt=0,33
INFO:scholarly:Session proxy config is {}
INFO:scholarly:Getting https://scholar.google.com/scholar?start=30&q=testing&hl=en&as_sdt=0,33
INFO:scholarly:Session proxy config is {}
INFO:scholarly:Getting https://scholar.google.com/scholar?hl=en&q=testing&as_vis=0&as_sdt=0,33
INFO:scholarly:Session proxy config is {}
INFO:scholarly:Getting https://scholar.google.com/scholar?hl=en&q=testing&as_vis=0&as_sdt=0,33
INFO:scholarly:Session proxy config is {}
INFO:scholarly:Getting https://scholar.google.com/scholar?start=10&q=testing&hl=en&as_sdt=0,33
INFO:scholarly:Session proxy config is {}
INFO:scholarly:Getting https://scholar.google.com/scholar?start=20&q=testing&hl=en&as_sdt=0,33
INFO:scholarly:Session proxy config is {}
INFO:scholarly:Getting https://scholar.google.com/scholar?start=30&q=testing&hl=en&as_sdt=0,33
INFO:scholarly:Session proxy config is {}
INFO:scholarly:Getting https://scholar.google.com/scholar?start=40&q=testing&hl=en&as_sdt=0,33
INFO:scholarly:Session proxy config is {}
INFO:scholarly:Getting https://scholar.google.com/scholar?start=50&q=testing&hl=en&as_sdt=0,33
INFO:scholarly:Session proxy config is {}
INFO:scholarly:Getting https://scholar.google.com/scholar?start=60&q=testing&hl=en&as_sdt=0,33
INFO:scholarly:Session proxy config is {}
INFO:scholarly:Getting https://scholar.google.com/scholar?start=70&q=testing&hl=en&as_sdt=0,33
INFO:scholarly:Session proxy config is {}
INFO:scholarly:Getting https://scholar.google.com/scholar?start=80&q=testing&hl=en&as_sdt=0,33
INFO:scholarly:Session proxy config is {}
INFO:scholarly:Getting https://scholar.google.com/scholar?start=90&q=testing&hl=en&as_sdt=0,33
INFO:scholarly:Session proxy config is {}
INFO:scholarly:Getting https://scholar.google.com/scholar?start=100&q=testing&hl=en&as_sdt=0,33
INFO:scholarly:Session proxy config is {}
INFO:scholarly:Getting https://scholar.google.com/scholar?start=110&q=testing&hl=en&as_sdt=0,33
INFO:scholarly:Session proxy config is {}
INFO:scholarly:Getting https://scholar.google.com/scholar?start=120&q=testing&hl=en&as_sdt=0,33
INFO:scholarly:Session proxy config is {}
INFO:scholarly:Getting https://scholar.google.com/scholar?start=130&q=testing&hl=en&as_sdt=0,33
INFO:scholarly:Session proxy config is {}
INFO:scholarly:Getting https://scholar.google.com/scholar?start=140&q=testing&hl=en&as_sdt=0,33
INFO:scholarly:Session proxy config is {}
INFO:scholarly:Getting https://scholar.google.com/scholar?start=150&q=testing&hl=en&as_sdt=0,33
INFO:scholarly:Session proxy config is {}
INFO:scholarly:Getting https://scholar.google.com/scholar?start=160&q=testing&hl=en&as_sdt=0,33
INFO:scholarly:Session proxy config is {}
INFO:scholarly:Getting https://scholar.google.com/scholar?start=170&q=testing&hl=en&as_sdt=0,33
INFO:scholarly:Session proxy config is {}
INFO:scholarly:Getting https://scholar.google.com/scholar?start=180&q=testing&hl=en&as_sdt=0,33
INFO:scholarly:Session proxy config is {}
INFO:scholarly:Getting https://scholar.google.com/scholar?start=190&q=testing&hl=en&as_sdt=0,33
INFO:scholarly:Session proxy config is {}
INFO:scholarly:Getting https://scholar.google.com/scholar?start=200&q=testing&hl=en&as_sdt=0,33
INFO:scholarly:Session proxy config is {}
INFO:scholarly:Getting https://scholar.google.com/scholar?start=210&q=testing&hl=en&as_sdt=0,33
INFO:scholarly:Session proxy config is {}
INFO:scholarly:Getting https://scholar.google.com/scholar?start=220&q=testing&hl=en&as_sdt=0,33
INFO:scholarly:Session proxy config is {}
INFO:scholarly:Getting https://scholar.google.com/scholar?start=230&q=testing&hl=en&as_sdt=0,33
INFO:scholarly:Session proxy config is {}
INFO:scholarly:Getting https://scholar.google.com/scholar?start=240&q=testing&hl=en&as_sdt=0,33
INFO:scholarly:Session proxy config is {}
INFO:scholarly:Getting https://scholar.google.com/scholar?start=250&q=testing&hl=en&as_sdt=0,33
INFO:scholarly:Getting https://scholar.google.com/scholar?hl=en&q=Automating%20SLR&as_vis=0&as_sdt=0,33
INFO:scholarly:Session proxy config is {}
INFO:scholarly:Getting https://scholar.google.com/scholar?hl=en&q=Automating%20SLR&as_vis=0&as_sdt=0,33
INFO:scholarly:Session proxy config is {}
INFO:scholarly:Getting https://scholar.google.com/scholar?start=10&q=Automating+SLR&hl=en&as_sdt=0,33
INFO:scholarly:Session proxy config is {}
INFO:scholarly:Getting https://scholar.google.com/scholar?start=20&q=Automating+SLR&hl=en&as_sdt=0,33
INFO:scholarly:Session proxy config is {}
INFO:scholarly:Getting https://scholar.google.com/scholar?start=30&q=Automating+SLR&hl=en&as_sdt=0,33
INFO:scholarly:Session proxy config is {}
INFO:scholarly:Getting https://scholar.google.com/scholar?start=40&q=Automating+SLR&hl=en&as_sdt=0,33
INFO:scholarly:Session proxy config is {}
INFO:scholarly:Getting https://scholar.google.com/scholar?start=50&q=Automating+SLR&hl=en&as_sdt=0,33
INFO:scholarly:Session proxy config is {}
INFO:scholarly:Getting https://scholar.google.com/scholar?start=60&q=Automating+SLR&hl=en&as_sdt=0,33
INFO:scholarly:Session proxy config is {}
INFO:scholarly:Getting https://scholar.google.com/scholar?start=70&q=Automating+SLR&hl=en&as_sdt=0,33
INFO:scholarly:Session proxy config is {}
INFO:scholarly:Getting https://scholar.google.com/scholar?start=80&q=Automating+SLR&hl=en&as_sdt=0,33
INFO:scholarly:Session proxy config is {}
INFO:scholarly:Getting https://scholar.google.com/scholar?start=90&q=Automating+SLR&hl=en&as_sdt=0,33
INFO:scholarly:Session proxy config is {}
INFO:scholarly:Getting https://scholar.google.com/scholar?start=100&q=Automating+SLR&hl=en&as_sdt=0,33
INFO:scholarly:Session proxy config is {}
INFO:scholarly:Getting https://scholar.google.com/scholar?start=110&q=Automating+SLR&hl=en&as_sdt=0,33
INFO:scholarly:Session proxy config is {}
INFO:scholarly:Getting https://scholar.google.com/scholar?start=120&q=Automating+SLR&hl=en&as_sdt=0,33
INFO:scholarly:Session proxy config is {}
INFO:scholarly:Getting https://scholar.google.com/scholar?start=130&q=Automating+SLR&hl=en&as_sdt=0,33
INFO:scholarly:Session proxy config is {}
INFO:scholarly:Getting https://scholar.google.com/scholar?start=140&q=Automating+SLR&hl=en&as_sdt=0,33
INFO:scholarly:Session proxy config is {}
INFO:scholarly:Getting https://scholar.google.com/scholar?start=150&q=Automating+SLR&hl=en&as_sdt=0,33
INFO:scholarly:Session proxy config is {}
INFO:scholarly:Getting https://scholar.google.com/scholar?start=160&q=Automating+SLR&hl=en&as_sdt=0,33
INFO:scholarly:Session proxy config is {}
INFO:scholarly:Getting https://scholar.google.com/scholar?start=170&q=Automating+SLR&hl=en&as_sdt=0,33
INFO:scholarly:Session proxy config is {}
INFO:scholarly:Getting https://scholar.google.com/scholar?start=180&q=Automating+SLR&hl=en&as_sdt=0,33
INFO:scholarly:Session proxy config is {}
INFO:scholarly:Getting https://scholar.google.com/scholar?start=190&q=Automating+SLR&hl=en&as_sdt=0,33
INFO:scholarly:Session proxy config is {}
INFO:scholarly:Getting https://scholar.google.com/scholar?start=200&q=Automating+SLR&hl=en&as_sdt=0,33
INFO:scholarly:Session proxy config is {}
INFO:scholarly:Getting https://scholar.google.com/scholar?start=210&q=Automating+SLR&hl=en&as_sdt=0,33
INFO:scholarly:Session proxy config is {}
INFO:scholarly:Getting https://scholar.google.com/scholar?start=220&q=Automating+SLR&hl=en&as_sdt=0,33
INFO:scholarly:Session proxy config is {}
INFO:scholarly:Getting https://scholar.google.com/scholar?start=230&q=Automating+SLR&hl=en&as_sdt=0,33
INFO:scholarly:Session proxy config is {}
INFO:scholarly:Getting https://scholar.google.com/scholar?start=240&q=Automating+SLR&hl=en&as_sdt=0,33
INFO:scholarly:Session proxy config is {}
INFO:scholarly:Getting https://scholar.google.com/scholar?start=250&q=Automating+SLR&hl=en&as_sdt=0,33
INFO:scholarly:Session proxy config is {}
INFO:scholarly:Getting https://scholar.google.com/scholar?start=260&q=Automating+SLR&hl=en&as_sdt=0,33
INFO:scholarly:Session proxy config is {}
INFO:scholarly:Getting https://scholar.google.com/scholar?start=270&q=Automating+SLR&hl=en&as_sdt=0,33
INFO:scholarly:Session proxy config is {}
INFO:scholarly:Getting https://scholar.google.com/scholar?start=280&q=Automating+SLR&hl=en&as_sdt=0,33
INFO:scholarly:Session proxy config is {}
INFO:scholarly:Getting https://scholar.google.com/scholar?start=290&q=Automating+SLR&hl=en&as_sdt=0,33
INFO:scholarly:Session proxy config is {}
INFO:scholarly:Getting https://scholar.google.com/scholar?start=300&q=Automating+SLR&hl=en&as_sdt=0,33
INFO:scholarly:Session proxy config is {}
INFO:scholarly:Getting https://scholar.google.com/scholar?start=310&q=Automating+SLR&hl=en&as_sdt=0,33
INFO:scholarly:Session proxy config is {}
INFO:scholarly:Getting https://scholar.google.com/scholar?start=320&q=Automating+SLR&hl=en&as_sdt=0,33
INFO:scholarly:Session proxy config is {}
INFO:scholarly:Getting https://scholar.google.com/scholar?start=330&q=Automating+SLR&hl=en&as_sdt=0,33
INFO:scholarly:Session proxy config is {}
INFO:scholarly:Getting https://scholar.google.com/scholar?start=340&q=Automating+SLR&hl=en&as_sdt=0,33
INFO:scholarly:Session proxy config is {}
INFO:scholarly:Getting https://scholar.google.com/scholar?start=350&q=Automating+SLR&hl=en&as_sdt=0,33
INFO:scholarly:Session proxy config is {}
INFO:scholarly:Getting https://scholar.google.com/scholar?start=360&q=Automating+SLR&hl=en&as_sdt=0,33
INFO:scholarly:Session proxy config is {}
INFO:scholarly:Getting https://scholar.google.com/scholar?start=370&q=Automating+SLR&hl=en&as_sdt=0,33
INFO:scholarly:Session proxy config is {}
INFO:scholarly:Getting https://scholar.google.com/scholar?start=380&q=Automating+SLR&hl=en&as_sdt=0,33
INFO:scholarly:Session proxy config is {}
INFO:scholarly:Getting https://scholar.google.com/scholar?start=390&q=Automating+SLR&hl=en&as_sdt=0,33
INFO:scholarly:Session proxy config is {}
INFO:scholarly:Getting https://scholar.google.com/scholar?start=400&q=Automating+SLR&hl=en&as_sdt=0,33
INFO:scholarly:Session proxy config is {}
INFO:scholarly:Getting https://scholar.google.com/scholar?start=410&q=Automating+SLR&hl=en&as_sdt=0,33
INFO:scholarly:Session proxy config is {}
INFO:scholarly:Getting https://scholar.google.com/scholar?start=420&q=Automating+SLR&hl=en&as_sdt=0,33
INFO:scholarly:Session proxy config is {}
INFO:scholarly:Getting https://scholar.google.com/scholar?start=430&q=Automating+SLR&hl=en&as_sdt=0,33
INFO:scholarly:Session proxy config is {}
INFO:scholarly:Getting https://scholar.google.com/scholar?start=440&q=Automating+SLR&hl=en&as_sdt=0,33
INFO:scholarly:Session proxy config is {}
INFO:scholarly:Getting https://scholar.google.com/scholar?start=450&q=Automating+SLR&hl=en&as_sdt=0,33
INFO:scholarly:Session proxy config is {}
INFO:scholarly:Getting https://scholar.google.com/scholar?start=460&q=Automating+SLR&hl=en&as_sdt=0,33
INFO:scholarly:Session proxy config is {}
INFO:scholarly:Getting https://scholar.google.com/scholar?start=470&q=Automating+SLR&hl=en&as_sdt=0,33
INFO:scholarly:Session proxy config is {}
INFO:scholarly:Getting https://scholar.google.com/scholar?start=480&q=Automating+SLR&hl=en&as_sdt=0,33
INFO:scholarly:Session proxy config is {}
INFO:scholarly:Getting https://scholar.google.com/scholar?start=490&q=Automating+SLR&hl=en&as_sdt=0,33
INFO:scholarly:Session proxy config is {}
INFO:scholarly:Got a captcha request.
INFO:scholarly:Exception WebDriverException while fetching page: ("'geckodriver' executable needs to be in PATH. ",)
INFO:scholarly:Retrying with a new session.
INFO:scholarly:Session proxy config is {}
INFO:scholarly:Got a captcha request.
INFO:scholarly:Exception WebDriverException while fetching page: ("'geckodriver' executable needs to be in PATH. ",)
INFO:scholarly:Retrying with a new session.
INFO:scholarly:Session proxy config is {}
INFO:scholarly:Got a captcha request.
INFO:scholarly:Exception WebDriverException while fetching page: ("'geckodriver' executable needs to be in PATH. ",)
INFO:scholarly:Retrying with a new session.
INFO:scholarly:Session proxy config is {}
INFO:scholarly:Got a captcha request.
INFO:scholarly:Exception WebDriverException while fetching page: ("'geckodriver' executable needs to be in PATH. ",)
INFO:scholarly:Retrying with a new session.
INFO:scholarly:Session proxy config is {}
INFO:scholarly:Got a captcha request.
INFO:scholarly:Exception WebDriverException while fetching page: ("'geckodriver' executable needs to be in PATH. ",)
INFO:scholarly:Retrying with a new session.
INFO:scholarly:Getting https://scholar.google.com/scholar?hl=en&q=Automating%20SLR&as_vis=0&as_sdt=0,33
INFO:scholarly:Session proxy config is {}
INFO:scholarly:Got a captcha request.
INFO:scholarly:Exception WebDriverException while fetching page: ("'geckodriver' executable needs to be in PATH. ",)
INFO:scholarly:Retrying with a new session.
INFO:scholarly:Session proxy config is {}
INFO:scholarly:Got a captcha request.
INFO:scholarly:Exception WebDriverException while fetching page: ("'geckodriver' executable needs to be in PATH. ",)
INFO:scholarly:Retrying with a new session.
INFO:scholarly:Session proxy config is {}
INFO:scholarly:Got a captcha request.
INFO:scholarly:Exception WebDriverException while fetching page: ("'geckodriver' executable needs to be in PATH. ",)
INFO:scholarly:Retrying with a new session.
INFO:scholarly:Session proxy config is {}
INFO:scholarly:Got a captcha request.
INFO:scholarly:Exception WebDriverException while fetching page: ("'geckodriver' executable needs to be in PATH. ",)
INFO:scholarly:Retrying with a new session.
INFO:scholarly:Session proxy config is {}
INFO:scholarly:Got a captcha request.
INFO:scholarly:Exception WebDriverException while fetching page: ("'geckodriver' executable needs to be in PATH. ",)
INFO:scholarly:Retrying with a new session.
