INFO:scholarly:Getting https://scholar.google.com/scholar?hl=en&q=test&as_vis=0&as_sdt=0,33
INFO:scholarly:Session proxy config is {}
INFO:scholarly:Getting https://scholar.google.com/scholar?q=info:b2pGeL14LLMJ:scholar.google.com/&output=cite&scirp=0&hl=en
INFO:scholarly:Session proxy config is {}
INFO:scholarly:Getting https://scholar.googleusercontent.com/scholar.bib?q=info:b2pGeL14LLMJ:scholar.google.com/&output=citation&scisdr=CgXmME46ELXwlIn-cwA:AAGBfm0AAAAAX3L7awDwsA3LlFFGeFqOArSwbo-b95rd&scisig=AAGBfm0AAAAAX3L7a2ZN4r_pIOR9jtsWZ3N9isQVyg2b&scisf=4&ct=citation&cd=-1&hl=en
INFO:scholarly:Session proxy config is {}
INFO:scholarly:Getting https://scholar.google.com/scholar?cites=12910826986926402159&as_sdt=5,33&sciodt=0,33&hl=en
INFO:scholarly:Session proxy config is {}
INFO:scholarly:Getting https://scholar.google.com/scholar?hl=en&q=Alternative%20to%20mental%20hospital%20treatment%3A%20I.%20Conceptual%20model%2C%20treatment%20program%2C%20and%20clinical%20evaluation&as_vis=0&as_sdt=0,33
INFO:scholarly:Session proxy config is {}
INFO:scholarly:Getting https://scholar.google.com/scholar?hl=en&q=Alternative%20to%20mental%20hospital%20treatment%3A%20I.%20Conceptual%20model%2C%20treatment%20program%2C%20and%20clinical%20evaluation&as_vis=0&as_sdt=0,33
INFO:scholarly:Session proxy config is {}
INFO:scholarly:Getting https://scholar.google.com/scholar?hl=en&q=&as_vis=0&as_sdt=0,33
INFO:scholarly:Session proxy config is {}
INFO:scholarly:Getting https://scholar.google.com/scholar?hl=en&q=test&as_vis=0&as_sdt=0,33
INFO:scholarly:Session proxy config is {}
INFO:scholarly:Getting https://scholar.google.com/scholar?hl=en&q=test&as_vis=0&as_sdt=0,33
INFO:scholarly:Session proxy config is {}
INFO:scholarly:Getting https://scholar.google.com/scholar?hl=en&q=test&as_vis=0&as_sdt=0,33
INFO:scholarly:Session proxy config is {}
INFO:scholarly:Getting https://scholar.google.com/scholar?q=info:b2pGeL14LLMJ:scholar.google.com/&output=cite&scirp=0&hl=en
INFO:scholarly:Session proxy config is {}
INFO:scholarly:Getting https://scholar.googleusercontent.com/scholar.bib?q=info:b2pGeL14LLMJ:scholar.google.com/&output=citation&scisdr=CgXmME46EPL8lIgFyq8:AAGBfm0AAAAAX3MA0q_VoGUsF6GCyo1OaJr8CKrDS11T&scisig=AAGBfm0AAAAAX3MA0quX6lSsL7OePM0ojXdJcXPDn5bS&scisf=4&ct=citation&cd=-1&hl=en
INFO:scholarly:Session proxy config is {}
INFO:scholarly:Getting https://scholar.google.com/scholar?cites=12910826986926402159&as_sdt=5,33&sciodt=0,33&hl=en
INFO:scholarly:Session proxy config is {}
INFO:scholarly:Getting https://scholar.google.com/scholar?cites=12910826986926402159&as_sdt=5,33&sciodt=0,33&hl=en
INFO:scholarly:Session proxy config is {}
INFO:scholarly:Getting https://scholar.google.com/scholar?cites=12910826986926402159&as_sdt=5,33&sciodt=0,33&hl=en
INFO:scholarly:Session proxy config is {}
INFO:scholarly:Getting https://scholar.google.com/scholar?cites=12910826986926402159&as_sdt=5,33&sciodt=0,33&hl=en
INFO:scholarly:Session proxy config is {}
INFO:scholarly:Getting https://scholar.google.com/scholar?cites=12910826986926402159&as_sdt=5,33&sciodt=0,33&hl=en
INFO:scholarly:Session proxy config is {}
INFO:scholarly:Getting https://scholar.google.com/scholar?cites=12910826986926402159&as_sdt=5,33&sciodt=0,33&hl=en
INFO:scholarly:Session proxy config is {}
INFO:scholarly:Getting https://scholar.google.com/scholar?cites=12910826986926402159&as_sdt=5,33&sciodt=0,33&hl=en
INFO:scholarly:Session proxy config is {}
INFO:scholarly:Getting https://scholar.google.com/scholar?cites=12910826986926402159&as_sdt=5,33&sciodt=0,33&hl=en
INFO:scholarly:Session proxy config is {}
INFO:scholarly:Getting https://scholar.google.com/scholar?cites=12910826986926402159&as_sdt=5,33&sciodt=0,33&hl=en
INFO:scholarly:Session proxy config is {}
INFO:scholarly:Getting https://scholar.google.com/scholar?hl=en&q=test&as_vis=0&as_sdt=0,33
INFO:scholarly:Session proxy config is {}
INFO:scholarly:Getting https://scholar.google.com/scholar?hl=en&q=test&as_vis=0&as_sdt=0,33
INFO:scholarly:Session proxy config is {}
INFO:scholarly:Getting https://scholar.google.com/scholar?hl=en&q=Alternative%20to%20mental%20hospital%20treatment%3A%20I.%20Conceptual%20model%2C%20treatment%20program%2C%20and%20clinical%20evaluation&as_vis=0&as_sdt=0,33
INFO:scholarly:Session proxy config is {}
